<?xml version="1.0" encoding="UTF-8"?>
<testng-results skipped="0" failed="0" total="2" passed="2">
  <reporter-output>
  </reporter-output>
  <suite name="Default suite" duration-ms="33" started-at="2019-07-27T16:11:44Z" finished-at="2019-07-27T16:11:44Z">
    <groups>
    </groups>
    <test name="Default test" duration-ms="33" started-at="2019-07-27T16:11:44Z" finished-at="2019-07-27T16:11:44Z">
      <class name="org.mma.training.selenium.NewTest">
        <test-method status="PASS" signature="beforeClass()[pri:0, instance:org.mma.training.selenium.NewTest@3ffc5af1]" name="beforeClass" is-config="true" duration-ms="1" started-at="2019-07-27T12:11:44Z" finished-at="2019-07-27T12:11:44Z">
          <reporter-output>
          </reporter-output>
        </test-method> <!-- beforeClass -->
        <test-method status="PASS" signature="f()[pri:0, instance:org.mma.training.selenium.NewTest@3ffc5af1]" name="f" duration-ms="7" started-at="2019-07-27T12:11:44Z" finished-at="2019-07-27T12:11:44Z">
          <reporter-output>
          </reporter-output>
        </test-method> <!-- f -->
        <test-method status="PASS" signature="afterClass()[pri:0, instance:org.mma.training.selenium.NewTest@3ffc5af1]" name="afterClass" is-config="true" duration-ms="1" started-at="2019-07-27T12:11:44Z" finished-at="2019-07-27T12:11:44Z">
          <reporter-output>
          </reporter-output>
        </test-method> <!-- afterClass -->
      </class> <!-- org.mma.training.selenium.NewTest -->
      <class name="org.mma.training.selenium.MyFirstTestNG">
        <test-method status="PASS" signature="initDriver()[pri:0, instance:org.mma.training.selenium.MyFirstTestNG@55f3ddb1]" name="initDriver" is-config="true" duration-ms="3230" started-at="2019-07-27T12:11:41Z" finished-at="2019-07-27T12:11:44Z">
          <reporter-output>
          </reporter-output>
        </test-method> <!-- initDriver -->
        <test-method status="PASS" signature="searchTestNGInGoogle()[pri:0, instance:org.mma.training.selenium.MyFirstTestNG@55f3ddb1]" name="searchTestNGInGoogle" duration-ms="7" started-at="2019-07-27T12:11:44Z" finished-at="2019-07-27T12:11:44Z">
          <reporter-output>
          </reporter-output>
        </test-method> <!-- searchTestNGInGoogle -->
        <test-method status="PASS" signature="quitDriver()[pri:0, instance:org.mma.training.selenium.MyFirstTestNG@55f3ddb1]" name="quitDriver" is-config="true" duration-ms="15414" started-at="2019-07-27T12:11:44Z" finished-at="2019-07-27T12:11:59Z">
          <reporter-output>
          </reporter-output>
        </test-method> <!-- quitDriver -->
      </class> <!-- org.mma.training.selenium.MyFirstTestNG -->
    </test> <!-- Default test -->
  </suite> <!-- Default suite -->
</testng-results>
